<?xml version="1.0" encoding="UTF-8"?>
<testsuite xmlns:xsi="http://www.w3.org/2001/XMLSchema-instance" xsi:noNamespaceSchemaLocation="https://maven.apache.org/surefire/maven-surefire-plugin/xsd/surefire-test-report.xsd" name="cu.example.SicomApplicationTests" time="2.456" tests="1" errors="0" skipped="0" failures="0">
  <properties>
    <property name="sun.desktop" value="windows"/>
    <property name="awt.toolkit" value="sun.awt.windows.WToolkit"/>
    <property name="java.specification.version" value="12"/>
    <property name="sun.cpu.isalist" value="amd64"/>
    <property name="sun.jnu.encoding" value="Cp1252"/>
    <property name="java.class.path" value="D:\SUPERACION\DESARROLLO\workspace\ideaprojects\ddd_spring_boot\target\test-classes;D:\SUPERACION\DESARROLLO\workspace\ideaprojects\ddd_spring_boot\target\classes;D:\TRABAJO\MAVEN\repository\org\springframework\boot\spring-boot-starter-web\2.2.6.RELEASE\spring-boot-starter-web-2.2.6.RELEASE.jar;D:\TRABAJO\MAVEN\repository\org\springframework\boot\spring-boot-starter\2.2.6.RELEASE\spring-boot-starter-2.2.6.RELEASE.jar;D:\TRABAJO\MAVEN\repository\org\springframework\boot\spring-boot-starter-logging\2.2.6.RELEASE\spring-boot-starter-logging-2.2.6.RELEASE.jar;D:\TRABAJO\MAVEN\repository\ch\qos\logback\logback-classic\1.2.3\logback-classic-1.2.3.jar;D:\TRABAJO\MAVEN\repository\ch\qos\logback\logback-core\1.2.3\logback-core-1.2.3.jar;D:\TRABAJO\MAVEN\repository\org\apache\logging\log4j\log4j-to-slf4j\2.12.1\log4j-to-slf4j-2.12.1.jar;D:\TRABAJO\MAVEN\repository\org\apache\logging\log4j\log4j-api\2.12.1\log4j-api-2.12.1.jar;D:\TRABAJO\MAVEN\repository\org\slf4j\jul-to-slf4j\1.7.30\jul-to-slf4j-1.7.30.jar;D:\TRABAJO\MAVEN\repository\jakarta\annotation\jakarta.annotation-api\1.3.5\jakarta.annotation-api-1.3.5.jar;D:\TRABAJO\MAVEN\repository\org\yaml\snakeyaml\1.25\snakeyaml-1.25.jar;D:\TRABAJO\MAVEN\repository\org\springframework\boot\spring-boot-starter-json\2.2.6.RELEASE\spring-boot-starter-json-2.2.6.RELEASE.jar;D:\TRABAJO\MAVEN\repository\com\fasterxml\jackson\core\jackson-databind\2.10.3\jackson-databind-2.10.3.jar;D:\TRABAJO\MAVEN\repository\com\fasterxml\jackson\core\jackson-annotations\2.10.3\jackson-annotations-2.10.3.jar;D:\TRABAJO\MAVEN\repository\com\fasterxml\jackson\core\jackson-core\2.10.3\jackson-core-2.10.3.jar;D:\TRABAJO\MAVEN\repository\com\fasterxml\jackson\datatype\jackson-datatype-jdk8\2.10.3\jackson-datatype-jdk8-2.10.3.jar;D:\TRABAJO\MAVEN\repository\com\fasterxml\jackson\datatype\jackson-datatype-jsr310\2.10.3\jackson-datatype-jsr310-2.10.3.jar;D:\TRABAJO\MAVEN\repository\com\fasterxml\jackson\module\jackson-module-parameter-names\2.10.3\jackson-module-parameter-names-2.10.3.jar;D:\TRABAJO\MAVEN\repository\org\springframework\boot\spring-boot-starter-tomcat\2.2.6.RELEASE\spring-boot-starter-tomcat-2.2.6.RELEASE.jar;D:\TRABAJO\MAVEN\repository\org\apache\tomcat\embed\tomcat-embed-core\9.0.33\tomcat-embed-core-9.0.33.jar;D:\TRABAJO\MAVEN\repository\org\apache\tomcat\embed\tomcat-embed-el\9.0.33\tomcat-embed-el-9.0.33.jar;D:\TRABAJO\MAVEN\repository\org\apache\tomcat\embed\tomcat-embed-websocket\9.0.33\tomcat-embed-websocket-9.0.33.jar;D:\TRABAJO\MAVEN\repository\org\springframework\boot\spring-boot-starter-validation\2.2.6.RELEASE\spring-boot-starter-validation-2.2.6.RELEASE.jar;D:\TRABAJO\MAVEN\repository\jakarta\validation\jakarta.validation-api\2.0.2\jakarta.validation-api-2.0.2.jar;D:\TRABAJO\MAVEN\repository\org\hibernate\validator\hibernate-validator\6.0.18.Final\hibernate-validator-6.0.18.Final.jar;D:\TRABAJO\MAVEN\repository\org\springframework\spring-web\5.2.5.RELEASE\spring-web-5.2.5.RELEASE.jar;D:\TRABAJO\MAVEN\repository\org\springframework\spring-webmvc\5.2.5.RELEASE\spring-webmvc-5.2.5.RELEASE.jar;D:\TRABAJO\MAVEN\repository\org\springframework\spring-expression\5.2.5.RELEASE\spring-expression-5.2.5.RELEASE.jar;D:\TRABAJO\MAVEN\repository\org\springframework\boot\spring-boot-devtools\2.2.6.RELEASE\spring-boot-devtools-2.2.6.RELEASE.jar;D:\TRABAJO\MAVEN\repository\org\springframework\boot\spring-boot\2.2.6.RELEASE\spring-boot-2.2.6.RELEASE.jar;D:\TRABAJO\MAVEN\repository\org\springframework\boot\spring-boot-autoconfigure\2.2.6.RELEASE\spring-boot-autoconfigure-2.2.6.RELEASE.jar;D:\TRABAJO\MAVEN\repository\org\springframework\boot\spring-boot-starter-data-jpa\2.2.6.RELEASE\spring-boot-starter-data-jpa-2.2.6.RELEASE.jar;D:\TRABAJO\MAVEN\repository\org\springframework\boot\spring-boot-starter-aop\2.2.6.RELEASE\spring-boot-starter-aop-2.2.6.RELEASE.jar;D:\TRABAJO\MAVEN\repository\org\aspectj\aspectjweaver\1.9.5\aspectjweaver-1.9.5.jar;D:\TRABAJO\MAVEN\repository\org\springframework\boot\spring-boot-starter-jdbc\2.2.6.RELEASE\spring-boot-starter-jdbc-2.2.6.RELEASE.jar;D:\TRABAJO\MAVEN\repository\com\zaxxer\HikariCP\3.4.2\HikariCP-3.4.2.jar;D:\TRABAJO\MAVEN\repository\org\springframework\spring-jdbc\5.2.5.RELEASE\spring-jdbc-5.2.5.RELEASE.jar;D:\TRABAJO\MAVEN\repository\jakarta\activation\jakarta.activation-api\1.2.2\jakarta.activation-api-1.2.2.jar;D:\TRABAJO\MAVEN\repository\jakarta\persistence\jakarta.persistence-api\2.2.3\jakarta.persistence-api-2.2.3.jar;D:\TRABAJO\MAVEN\repository\jakarta\transaction\jakarta.transaction-api\1.3.3\jakarta.transaction-api-1.3.3.jar;D:\TRABAJO\MAVEN\repository\org\hibernate\hibernate-core\5.4.12.Final\hibernate-core-5.4.12.Final.jar;D:\TRABAJO\MAVEN\repository\org\jboss\logging\jboss-logging\3.4.1.Final\jboss-logging-3.4.1.Final.jar;D:\TRABAJO\MAVEN\repository\org\javassist\javassist\3.24.0-GA\javassist-3.24.0-GA.jar;D:\TRABAJO\MAVEN\repository\net\bytebuddy\byte-buddy\1.10.8\byte-buddy-1.10.8.jar;D:\TRABAJO\MAVEN\repository\antlr\antlr\2.7.7\antlr-2.7.7.jar;D:\TRABAJO\MAVEN\repository\org\jboss\jandex\2.1.1.Final\jandex-2.1.1.Final.jar;D:\TRABAJO\MAVEN\repository\com\fasterxml\classmate\1.5.1\classmate-1.5.1.jar;D:\TRABAJO\MAVEN\repository\org\dom4j\dom4j\2.1.1\dom4j-2.1.1.jar;D:\TRABAJO\MAVEN\repository\org\hibernate\common\hibernate-commons-annotations\5.1.0.Final\hibernate-commons-annotations-5.1.0.Final.jar;D:\TRABAJO\MAVEN\repository\org\glassfish\jaxb\jaxb-runtime\2.3.2\jaxb-runtime-2.3.2.jar;D:\TRABAJO\MAVEN\repository\org\glassfish\jaxb\txw2\2.3.2\txw2-2.3.2.jar;D:\TRABAJO\MAVEN\repository\com\sun\istack\istack-commons-runtime\3.0.8\istack-commons-runtime-3.0.8.jar;D:\TRABAJO\MAVEN\repository\org\jvnet\staxex\stax-ex\1.8.1\stax-ex-1.8.1.jar;D:\TRABAJO\MAVEN\repository\com\sun\xml\fastinfoset\FastInfoset\1.2.16\FastInfoset-1.2.16.jar;D:\TRABAJO\MAVEN\repository\org\springframework\data\spring-data-jpa\2.2.6.RELEASE\spring-data-jpa-2.2.6.RELEASE.jar;D:\TRABAJO\MAVEN\repository\org\springframework\data\spring-data-commons\2.2.6.RELEASE\spring-data-commons-2.2.6.RELEASE.jar;D:\TRABAJO\MAVEN\repository\org\springframework\spring-orm\5.2.5.RELEASE\spring-orm-5.2.5.RELEASE.jar;D:\TRABAJO\MAVEN\repository\org\springframework\spring-tx\5.2.5.RELEASE\spring-tx-5.2.5.RELEASE.jar;D:\TRABAJO\MAVEN\repository\org\springframework\spring-aspects\5.2.5.RELEASE\spring-aspects-5.2.5.RELEASE.jar;D:\TRABAJO\MAVEN\repository\org\springframework\boot\spring-boot-starter-data-mongodb\2.2.6.RELEASE\spring-boot-starter-data-mongodb-2.2.6.RELEASE.jar;D:\TRABAJO\MAVEN\repository\org\mongodb\mongodb-driver\3.11.2\mongodb-driver-3.11.2.jar;D:\TRABAJO\MAVEN\repository\org\mongodb\bson\3.11.2\bson-3.11.2.jar;D:\TRABAJO\MAVEN\repository\org\mongodb\mongodb-driver-core\3.11.2\mongodb-driver-core-3.11.2.jar;D:\TRABAJO\MAVEN\repository\org\springframework\data\spring-data-mongodb\2.2.6.RELEASE\spring-data-mongodb-2.2.6.RELEASE.jar;D:\TRABAJO\MAVEN\repository\org\springframework\boot\spring-boot-starter-test\2.2.6.RELEASE\spring-boot-starter-test-2.2.6.RELEASE.jar;D:\TRABAJO\MAVEN\repository\org\springframework\boot\spring-boot-test\2.2.6.RELEASE\spring-boot-test-2.2.6.RELEASE.jar;D:\TRABAJO\MAVEN\repository\org\springframework\boot\spring-boot-test-autoconfigure\2.2.6.RELEASE\spring-boot-test-autoconfigure-2.2.6.RELEASE.jar;D:\TRABAJO\MAVEN\repository\com\jayway\jsonpath\json-path\2.4.0\json-path-2.4.0.jar;D:\TRABAJO\MAVEN\repository\net\minidev\json-smart\2.3\json-smart-2.3.jar;D:\TRABAJO\MAVEN\repository\net\minidev\accessors-smart\1.2\accessors-smart-1.2.jar;D:\TRABAJO\MAVEN\repository\org\ow2\asm\asm\5.0.4\asm-5.0.4.jar;D:\TRABAJO\MAVEN\repository\jakarta\xml\bind\jakarta.xml.bind-api\2.3.3\jakarta.xml.bind-api-2.3.3.jar;D:\TRABAJO\MAVEN\repository\org\junit\jupiter\junit-jupiter\5.5.2\junit-jupiter-5.5.2.jar;D:\TRABAJO\MAVEN\repository\org\junit\jupiter\junit-jupiter-api\5.5.2\junit-jupiter-api-5.5.2.jar;D:\TRABAJO\MAVEN\repository\org\apiguardian\apiguardian-api\1.1.0\apiguardian-api-1.1.0.jar;D:\TRABAJO\MAVEN\repository\org\opentest4j\opentest4j\1.2.0\opentest4j-1.2.0.jar;D:\TRABAJO\MAVEN\repository\org\junit\platform\junit-platform-commons\1.5.2\junit-platform-commons-1.5.2.jar;D:\TRABAJO\MAVEN\repository\org\junit\jupiter\junit-jupiter-params\5.5.2\junit-jupiter-params-5.5.2.jar;D:\TRABAJO\MAVEN\repository\org\junit\jupiter\junit-jupiter-engine\5.5.2\junit-jupiter-engine-5.5.2.jar;D:\TRABAJO\MAVEN\repository\org\junit\platform\junit-platform-engine\1.5.2\junit-platform-engine-1.5.2.jar;D:\TRABAJO\MAVEN\repository\org\mockito\mockito-junit-jupiter\3.1.0\mockito-junit-jupiter-3.1.0.jar;D:\TRABAJO\MAVEN\repository\org\assertj\assertj-core\3.13.2\assertj-core-3.13.2.jar;D:\TRABAJO\MAVEN\repository\org\hamcrest\hamcrest\2.1\hamcrest-2.1.jar;D:\TRABAJO\MAVEN\repository\org\mockito\mockito-core\3.1.0\mockito-core-3.1.0.jar;D:\TRABAJO\MAVEN\repository\net\bytebuddy\byte-buddy-agent\1.10.8\byte-buddy-agent-1.10.8.jar;D:\TRABAJO\MAVEN\repository\org\objenesis\objenesis\2.6\objenesis-2.6.jar;D:\TRABAJO\MAVEN\repository\org\skyscreamer\jsonassert\1.5.0\jsonassert-1.5.0.jar;D:\TRABAJO\MAVEN\repository\com\vaadin\external\google\android-json\0.0.20131108.vaadin1\android-json-0.0.20131108.vaadin1.jar;D:\TRABAJO\MAVEN\repository\org\springframework\spring-core\5.2.5.RELEASE\spring-core-5.2.5.RELEASE.jar;D:\TRABAJO\MAVEN\repository\org\springframework\spring-jcl\5.2.5.RELEASE\spring-jcl-5.2.5.RELEASE.jar;D:\TRABAJO\MAVEN\repository\org\springframework\spring-test\5.2.5.RELEASE\spring-test-5.2.5.RELEASE.jar;D:\TRABAJO\MAVEN\repository\org\xmlunit\xmlunit-core\2.6.4\xmlunit-core-2.6.4.jar;D:\TRABAJO\MAVEN\repository\org\springframework\hateoas\spring-hateoas\1.0.4.RELEASE\spring-hateoas-1.0.4.RELEASE.jar;D:\TRABAJO\MAVEN\repository\org\springframework\spring-aop\5.2.5.RELEASE\spring-aop-5.2.5.RELEASE.jar;D:\TRABAJO\MAVEN\repository\org\springframework\spring-beans\5.2.5.RELEASE\spring-beans-5.2.5.RELEASE.jar;D:\TRABAJO\MAVEN\repository\org\springframework\spring-context\5.2.5.RELEASE\spring-context-5.2.5.RELEASE.jar;D:\TRABAJO\MAVEN\repository\org\springframework\plugin\spring-plugin-core\2.0.0.RELEASE\spring-plugin-core-2.0.0.RELEASE.jar;D:\TRABAJO\MAVEN\repository\org\slf4j\slf4j-api\1.7.30\slf4j-api-1.7.30.jar;D:\TRABAJO\MAVEN\repository\org\postgresql\postgresql\42.2.11\postgresql-42.2.11.jar;D:\TRABAJO\MAVEN\repository\org\projectlombok\lombok\1.18.12\lombok-1.18.12.jar;D:\TRABAJO\MAVEN\repository\net\sf\dozer\dozer\5.5.1\dozer-5.5.1.jar;D:\TRABAJO\MAVEN\repository\commons-beanutils\commons-beanutils\1.9.1\commons-beanutils-1.9.1.jar;D:\TRABAJO\MAVEN\repository\commons-collections\commons-collections\3.2.1\commons-collections-3.2.1.jar;D:\TRABAJO\MAVEN\repository\org\apache\commons\commons-lang3\3.9\commons-lang3-3.9.jar;D:\TRABAJO\MAVEN\repository\org\slf4j\jcl-over-slf4j\1.7.30\jcl-over-slf4j-1.7.30.jar;D:\TRABAJO\MAVEN\repository\org\springframework\restdocs\spring-restdocs-mockmvc\2.0.4.RELEASE\spring-restdocs-mockmvc-2.0.4.RELEASE.jar;D:\TRABAJO\MAVEN\repository\javax\servlet\javax.servlet-api\4.0.1\javax.servlet-api-4.0.1.jar;D:\TRABAJO\MAVEN\repository\org\springframework\restdocs\spring-restdocs-core\2.0.4.RELEASE\spring-restdocs-core-2.0.4.RELEASE.jar;D:\TRABAJO\MAVEN\repository\io\projectreactor\reactor-test\3.3.4.RELEASE\reactor-test-3.3.4.RELEASE.jar;D:\TRABAJO\MAVEN\repository\io\projectreactor\reactor-core\3.3.4.RELEASE\reactor-core-3.3.4.RELEASE.jar;D:\TRABAJO\MAVEN\repository\org\reactivestreams\reactive-streams\1.0.3\reactive-streams-1.0.3.jar;"/>
    <property name="java.vm.vendor" value="AdoptOpenJDK"/>
    <property name="sun.arch.data.model" value="64"/>
    <property name="user.variant" value=""/>
    <property name="java.vendor.url" value="https://adoptopenjdk.net/"/>
    <property name="user.timezone" value="GMT-05:00"/>
    <property name="os.name" value="Windows 10"/>
    <property name="java.vm.specification.version" value="12"/>
    <property name="sun.java.launcher" value="SUN_STANDARD"/>
    <property name="user.country" value="ES"/>
    <property name="sun.boot.library.path" value="C:\Program Files\AdoptOpenJDK\jdk-12.0.2.10-hotspot\bin"/>
    <property name="sun.java.command" value="C:\Users\Raquel\AppData\Local\Temp\surefire5586037683028309198\surefirebooter6185335341270477500.jar C:\Users\Raquel\AppData\Local\Temp\surefire5586037683028309198 2020-04-28T17-29-10_844-jvmRun1 surefire866451902744875815tmp surefire_07753531864466971242tmp"/>
    <property name="jdk.debug" value="release"/>
    <property name="surefire.test.class.path" value="D:\SUPERACION\DESARROLLO\workspace\ideaprojects\ddd_spring_boot\target\test-classes;D:\SUPERACION\DESARROLLO\workspace\ideaprojects\ddd_spring_boot\target\classes;D:\TRABAJO\MAVEN\repository\org\springframework\boot\spring-boot-starter-web\2.2.6.RELEASE\spring-boot-starter-web-2.2.6.RELEASE.jar;D:\TRABAJO\MAVEN\repository\org\springframework\boot\spring-boot-starter\2.2.6.RELEASE\spring-boot-starter-2.2.6.RELEASE.jar;D:\TRABAJO\MAVEN\repository\org\springframework\boot\spring-boot-starter-logging\2.2.6.RELEASE\spring-boot-starter-logging-2.2.6.RELEASE.jar;D:\TRABAJO\MAVEN\repository\ch\qos\logback\logback-classic\1.2.3\logback-classic-1.2.3.jar;D:\TRABAJO\MAVEN\repository\ch\qos\logback\logback-core\1.2.3\logback-core-1.2.3.jar;D:\TRABAJO\MAVEN\repository\org\apache\logging\log4j\log4j-to-slf4j\2.12.1\log4j-to-slf4j-2.12.1.jar;D:\TRABAJO\MAVEN\repository\org\apache\logging\log4j\log4j-api\2.12.1\log4j-api-2.12.1.jar;D:\TRABAJO\MAVEN\repository\org\slf4j\jul-to-slf4j\1.7.30\jul-to-slf4j-1.7.30.jar;D:\TRABAJO\MAVEN\repository\jakarta\annotation\jakarta.annotation-api\1.3.5\jakarta.annotation-api-1.3.5.jar;D:\TRABAJO\MAVEN\repository\org\yaml\snakeyaml\1.25\snakeyaml-1.25.jar;D:\TRABAJO\MAVEN\repository\org\springframework\boot\spring-boot-starter-json\2.2.6.RELEASE\spring-boot-starter-json-2.2.6.RELEASE.jar;D:\TRABAJO\MAVEN\repository\com\fasterxml\jackson\core\jackson-databind\2.10.3\jackson-databind-2.10.3.jar;D:\TRABAJO\MAVEN\repository\com\fasterxml\jackson\core\jackson-annotations\2.10.3\jackson-annotations-2.10.3.jar;D:\TRABAJO\MAVEN\repository\com\fasterxml\jackson\core\jackson-core\2.10.3\jackson-core-2.10.3.jar;D:\TRABAJO\MAVEN\repository\com\fasterxml\jackson\datatype\jackson-datatype-jdk8\2.10.3\jackson-datatype-jdk8-2.10.3.jar;D:\TRABAJO\MAVEN\repository\com\fasterxml\jackson\datatype\jackson-datatype-jsr310\2.10.3\jackson-datatype-jsr310-2.10.3.jar;D:\TRABAJO\MAVEN\repository\com\fasterxml\jackson\module\jackson-module-parameter-names\2.10.3\jackson-module-parameter-names-2.10.3.jar;D:\TRABAJO\MAVEN\repository\org\springframework\boot\spring-boot-starter-tomcat\2.2.6.RELEASE\spring-boot-starter-tomcat-2.2.6.RELEASE.jar;D:\TRABAJO\MAVEN\repository\org\apache\tomcat\embed\tomcat-embed-core\9.0.33\tomcat-embed-core-9.0.33.jar;D:\TRABAJO\MAVEN\repository\org\apache\tomcat\embed\tomcat-embed-el\9.0.33\tomcat-embed-el-9.0.33.jar;D:\TRABAJO\MAVEN\repository\org\apache\tomcat\embed\tomcat-embed-websocket\9.0.33\tomcat-embed-websocket-9.0.33.jar;D:\TRABAJO\MAVEN\repository\org\springframework\boot\spring-boot-starter-validation\2.2.6.RELEASE\spring-boot-starter-validation-2.2.6.RELEASE.jar;D:\TRABAJO\MAVEN\repository\jakarta\validation\jakarta.validation-api\2.0.2\jakarta.validation-api-2.0.2.jar;D:\TRABAJO\MAVEN\repository\org\hibernate\validator\hibernate-validator\6.0.18.Final\hibernate-validator-6.0.18.Final.jar;D:\TRABAJO\MAVEN\repository\org\springframework\spring-web\5.2.5.RELEASE\spring-web-5.2.5.RELEASE.jar;D:\TRABAJO\MAVEN\repository\org\springframework\spring-webmvc\5.2.5.RELEASE\spring-webmvc-5.2.5.RELEASE.jar;D:\TRABAJO\MAVEN\repository\org\springframework\spring-expression\5.2.5.RELEASE\spring-expression-5.2.5.RELEASE.jar;D:\TRABAJO\MAVEN\repository\org\springframework\boot\spring-boot-devtools\2.2.6.RELEASE\spring-boot-devtools-2.2.6.RELEASE.jar;D:\TRABAJO\MAVEN\repository\org\springframework\boot\spring-boot\2.2.6.RELEASE\spring-boot-2.2.6.RELEASE.jar;D:\TRABAJO\MAVEN\repository\org\springframework\boot\spring-boot-autoconfigure\2.2.6.RELEASE\spring-boot-autoconfigure-2.2.6.RELEASE.jar;D:\TRABAJO\MAVEN\repository\org\springframework\boot\spring-boot-starter-data-jpa\2.2.6.RELEASE\spring-boot-starter-data-jpa-2.2.6.RELEASE.jar;D:\TRABAJO\MAVEN\repository\org\springframework\boot\spring-boot-starter-aop\2.2.6.RELEASE\spring-boot-starter-aop-2.2.6.RELEASE.jar;D:\TRABAJO\MAVEN\repository\org\aspectj\aspectjweaver\1.9.5\aspectjweaver-1.9.5.jar;D:\TRABAJO\MAVEN\repository\org\springframework\boot\spring-boot-starter-jdbc\2.2.6.RELEASE\spring-boot-starter-jdbc-2.2.6.RELEASE.jar;D:\TRABAJO\MAVEN\repository\com\zaxxer\HikariCP\3.4.2\HikariCP-3.4.2.jar;D:\TRABAJO\MAVEN\repository\org\springframework\spring-jdbc\5.2.5.RELEASE\spring-jdbc-5.2.5.RELEASE.jar;D:\TRABAJO\MAVEN\repository\jakarta\activation\jakarta.activation-api\1.2.2\jakarta.activation-api-1.2.2.jar;D:\TRABAJO\MAVEN\repository\jakarta\persistence\jakarta.persistence-api\2.2.3\jakarta.persistence-api-2.2.3.jar;D:\TRABAJO\MAVEN\repository\jakarta\transaction\jakarta.transaction-api\1.3.3\jakarta.transaction-api-1.3.3.jar;D:\TRABAJO\MAVEN\repository\org\hibernate\hibernate-core\5.4.12.Final\hibernate-core-5.4.12.Final.jar;D:\TRABAJO\MAVEN\repository\org\jboss\logging\jboss-logging\3.4.1.Final\jboss-logging-3.4.1.Final.jar;D:\TRABAJO\MAVEN\repository\org\javassist\javassist\3.24.0-GA\javassist-3.24.0-GA.jar;D:\TRABAJO\MAVEN\repository\net\bytebuddy\byte-buddy\1.10.8\byte-buddy-1.10.8.jar;D:\TRABAJO\MAVEN\repository\antlr\antlr\2.7.7\antlr-2.7.7.jar;D:\TRABAJO\MAVEN\repository\org\jboss\jandex\2.1.1.Final\jandex-2.1.1.Final.jar;D:\TRABAJO\MAVEN\repository\com\fasterxml\classmate\1.5.1\classmate-1.5.1.jar;D:\TRABAJO\MAVEN\repository\org\dom4j\dom4j\2.1.1\dom4j-2.1.1.jar;D:\TRABAJO\MAVEN\repository\org\hibernate\common\hibernate-commons-annotations\5.1.0.Final\hibernate-commons-annotations-5.1.0.Final.jar;D:\TRABAJO\MAVEN\repository\org\glassfish\jaxb\jaxb-runtime\2.3.2\jaxb-runtime-2.3.2.jar;D:\TRABAJO\MAVEN\repository\org\glassfish\jaxb\txw2\2.3.2\txw2-2.3.2.jar;D:\TRABAJO\MAVEN\repository\com\sun\istack\istack-commons-runtime\3.0.8\istack-commons-runtime-3.0.8.jar;D:\TRABAJO\MAVEN\repository\org\jvnet\staxex\stax-ex\1.8.1\stax-ex-1.8.1.jar;D:\TRABAJO\MAVEN\repository\com\sun\xml\fastinfoset\FastInfoset\1.2.16\FastInfoset-1.2.16.jar;D:\TRABAJO\MAVEN\repository\org\springframework\data\spring-data-jpa\2.2.6.RELEASE\spring-data-jpa-2.2.6.RELEASE.jar;D:\TRABAJO\MAVEN\repository\org\springframework\data\spring-data-commons\2.2.6.RELEASE\spring-data-commons-2.2.6.RELEASE.jar;D:\TRABAJO\MAVEN\repository\org\springframework\spring-orm\5.2.5.RELEASE\spring-orm-5.2.5.RELEASE.jar;D:\TRABAJO\MAVEN\repository\org\springframework\spring-tx\5.2.5.RELEASE\spring-tx-5.2.5.RELEASE.jar;D:\TRABAJO\MAVEN\repository\org\springframework\spring-aspects\5.2.5.RELEASE\spring-aspects-5.2.5.RELEASE.jar;D:\TRABAJO\MAVEN\repository\org\springframework\boot\spring-boot-starter-data-mongodb\2.2.6.RELEASE\spring-boot-starter-data-mongodb-2.2.6.RELEASE.jar;D:\TRABAJO\MAVEN\repository\org\mongodb\mongodb-driver\3.11.2\mongodb-driver-3.11.2.jar;D:\TRABAJO\MAVEN\repository\org\mongodb\bson\3.11.2\bson-3.11.2.jar;D:\TRABAJO\MAVEN\repository\org\mongodb\mongodb-driver-core\3.11.2\mongodb-driver-core-3.11.2.jar;D:\TRABAJO\MAVEN\repository\org\springframework\data\spring-data-mongodb\2.2.6.RELEASE\spring-data-mongodb-2.2.6.RELEASE.jar;D:\TRABAJO\MAVEN\repository\org\springframework\boot\spring-boot-starter-test\2.2.6.RELEASE\spring-boot-starter-test-2.2.6.RELEASE.jar;D:\TRABAJO\MAVEN\repository\org\springframework\boot\spring-boot-test\2.2.6.RELEASE\spring-boot-test-2.2.6.RELEASE.jar;D:\TRABAJO\MAVEN\repository\org\springframework\boot\spring-boot-test-autoconfigure\2.2.6.RELEASE\spring-boot-test-autoconfigure-2.2.6.RELEASE.jar;D:\TRABAJO\MAVEN\repository\com\jayway\jsonpath\json-path\2.4.0\json-path-2.4.0.jar;D:\TRABAJO\MAVEN\repository\net\minidev\json-smart\2.3\json-smart-2.3.jar;D:\TRABAJO\MAVEN\repository\net\minidev\accessors-smart\1.2\accessors-smart-1.2.jar;D:\TRABAJO\MAVEN\repository\org\ow2\asm\asm\5.0.4\asm-5.0.4.jar;D:\TRABAJO\MAVEN\repository\jakarta\xml\bind\jakarta.xml.bind-api\2.3.3\jakarta.xml.bind-api-2.3.3.jar;D:\TRABAJO\MAVEN\repository\org\junit\jupiter\junit-jupiter\5.5.2\junit-jupiter-5.5.2.jar;D:\TRABAJO\MAVEN\repository\org\junit\jupiter\junit-jupiter-api\5.5.2\junit-jupiter-api-5.5.2.jar;D:\TRABAJO\MAVEN\repository\org\apiguardian\apiguardian-api\1.1.0\apiguardian-api-1.1.0.jar;D:\TRABAJO\MAVEN\repository\org\opentest4j\opentest4j\1.2.0\opentest4j-1.2.0.jar;D:\TRABAJO\MAVEN\repository\org\junit\platform\junit-platform-commons\1.5.2\junit-platform-commons-1.5.2.jar;D:\TRABAJO\MAVEN\repository\org\junit\jupiter\junit-jupiter-params\5.5.2\junit-jupiter-params-5.5.2.jar;D:\TRABAJO\MAVEN\repository\org\junit\jupiter\junit-jupiter-engine\5.5.2\junit-jupiter-engine-5.5.2.jar;D:\TRABAJO\MAVEN\repository\org\junit\platform\junit-platform-engine\1.5.2\junit-platform-engine-1.5.2.jar;D:\TRABAJO\MAVEN\repository\org\mockito\mockito-junit-jupiter\3.1.0\mockito-junit-jupiter-3.1.0.jar;D:\TRABAJO\MAVEN\repository\org\assertj\assertj-core\3.13.2\assertj-core-3.13.2.jar;D:\TRABAJO\MAVEN\repository\org\hamcrest\hamcrest\2.1\hamcrest-2.1.jar;D:\TRABAJO\MAVEN\repository\org\mockito\mockito-core\3.1.0\mockito-core-3.1.0.jar;D:\TRABAJO\MAVEN\repository\net\bytebuddy\byte-buddy-agent\1.10.8\byte-buddy-agent-1.10.8.jar;D:\TRABAJO\MAVEN\repository\org\objenesis\objenesis\2.6\objenesis-2.6.jar;D:\TRABAJO\MAVEN\repository\org\skyscreamer\jsonassert\1.5.0\jsonassert-1.5.0.jar;D:\TRABAJO\MAVEN\repository\com\vaadin\external\google\android-json\0.0.20131108.vaadin1\android-json-0.0.20131108.vaadin1.jar;D:\TRABAJO\MAVEN\repository\org\springframework\spring-core\5.2.5.RELEASE\spring-core-5.2.5.RELEASE.jar;D:\TRABAJO\MAVEN\repository\org\springframework\spring-jcl\5.2.5.RELEASE\spring-jcl-5.2.5.RELEASE.jar;D:\TRABAJO\MAVEN\repository\org\springframework\spring-test\5.2.5.RELEASE\spring-test-5.2.5.RELEASE.jar;D:\TRABAJO\MAVEN\repository\org\xmlunit\xmlunit-core\2.6.4\xmlunit-core-2.6.4.jar;D:\TRABAJO\MAVEN\repository\org\springframework\hateoas\spring-hateoas\1.0.4.RELEASE\spring-hateoas-1.0.4.RELEASE.jar;D:\TRABAJO\MAVEN\repository\org\springframework\spring-aop\5.2.5.RELEASE\spring-aop-5.2.5.RELEASE.jar;D:\TRABAJO\MAVEN\repository\org\springframework\spring-beans\5.2.5.RELEASE\spring-beans-5.2.5.RELEASE.jar;D:\TRABAJO\MAVEN\repository\org\springframework\spring-context\5.2.5.RELEASE\spring-context-5.2.5.RELEASE.jar;D:\TRABAJO\MAVEN\repository\org\springframework\plugin\spring-plugin-core\2.0.0.RELEASE\spring-plugin-core-2.0.0.RELEASE.jar;D:\TRABAJO\MAVEN\repository\org\slf4j\slf4j-api\1.7.30\slf4j-api-1.7.30.jar;D:\TRABAJO\MAVEN\repository\org\postgresql\postgresql\42.2.11\postgresql-42.2.11.jar;D:\TRABAJO\MAVEN\repository\org\projectlombok\lombok\1.18.12\lombok-1.18.12.jar;D:\TRABAJO\MAVEN\repository\net\sf\dozer\dozer\5.5.1\dozer-5.5.1.jar;D:\TRABAJO\MAVEN\repository\commons-beanutils\commons-beanutils\1.9.1\commons-beanutils-1.9.1.jar;D:\TRABAJO\MAVEN\repository\commons-collections\commons-collections\3.2.1\commons-collections-3.2.1.jar;D:\TRABAJO\MAVEN\repository\org\apache\commons\commons-lang3\3.9\commons-lang3-3.9.jar;D:\TRABAJO\MAVEN\repository\org\slf4j\jcl-over-slf4j\1.7.30\jcl-over-slf4j-1.7.30.jar;D:\TRABAJO\MAVEN\repository\org\springframework\restdocs\spring-restdocs-mockmvc\2.0.4.RELEASE\spring-restdocs-mockmvc-2.0.4.RELEASE.jar;D:\TRABAJO\MAVEN\repository\javax\servlet\javax.servlet-api\4.0.1\javax.servlet-api-4.0.1.jar;D:\TRABAJO\MAVEN\repository\org\springframework\restdocs\spring-restdocs-core\2.0.4.RELEASE\spring-restdocs-core-2.0.4.RELEASE.jar;D:\TRABAJO\MAVEN\repository\io\projectreactor\reactor-test\3.3.4.RELEASE\reactor-test-3.3.4.RELEASE.jar;D:\TRABAJO\MAVEN\repository\io\projectreactor\reactor-core\3.3.4.RELEASE\reactor-core-3.3.4.RELEASE.jar;D:\TRABAJO\MAVEN\repository\org\reactivestreams\reactive-streams\1.0.3\reactive-streams-1.0.3.jar;"/>
    <property name="sun.cpu.endian" value="little"/>
    <property name="user.home" value="C:\Users\Raquel"/>
    <property name="user.language" value="es"/>
    <property name="java.specification.vendor" value="Oracle Corporation"/>
    <property name="java.version.date" value="2019-07-16"/>
    <property name="java.home" value="C:\Program Files\AdoptOpenJDK\jdk-12.0.2.10-hotspot"/>
    <property name="file.separator" value="\"/>
    <property name="basedir" value="D:\SUPERACION\DESARROLLO\workspace\ideaprojects\ddd_spring_boot"/>
    <property name="java.vm.compressedOopsMode" value="Zero based"/>
    <property name="line.separator" value="&#10;"/>
    <property name="java.vm.specification.vendor" value="Oracle Corporation"/>
    <property name="java.specification.name" value="Java Platform API Specification"/>
    <property name="java.awt.graphicsenv" value="sun.awt.Win32GraphicsEnvironment"/>
    <property name="surefire.real.class.path" value="C:\Users\Raquel\AppData\Local\Temp\surefire5586037683028309198\surefirebooter6185335341270477500.jar"/>
    <property name="user.script" value=""/>
    <property name="sun.management.compiler" value="HotSpot 64-Bit Tiered Compilers"/>
    <property name="java.runtime.version" value="12.0.2+10"/>
    <property name="user.name" value="Raquel"/>
    <property name="path.separator" value=";"/>
    <property name="os.version" value="10.0"/>
    <property name="java.runtime.name" value="OpenJDK Runtime Environment"/>
    <property name="file.encoding" value="Cp1252"/>
    <property name="java.vm.name" value="OpenJDK 64-Bit Server VM"/>
    <property name="java.vendor.version" value="AdoptOpenJDK"/>
    <property name="localRepository" value="D:\TRABAJO\MAVEN\repository"/>
    <property name="java.vendor.url.bug" value="https://github.com/AdoptOpenJDK/openjdk-build/issues"/>
    <property name="java.io.tmpdir" value="C:\Users\Raquel\AppData\Local\Temp\"/>
    <property name="java.version" value="12.0.2"/>
    <property name="user.dir" value="D:\SUPERACION\DESARROLLO\workspace\ideaprojects\ddd_spring_boot"/>
    <property name="os.arch" value="amd64"/>
    <property name="java.vm.specification.name" value="Java Virtual Machine Specification"/>
    <property name="sun.os.patch.level" value=""/>
    <property name="java.library.path" value="C:\Program Files\AdoptOpenJDK\jdk-12.0.2.10-hotspot\bin;C:\Windows\Sun\Java\bin;C:\Windows\system32;C:\Windows;C:\Program Files\AdoptOpenJDK\jdk-12.0.2.10-hotspot\bin;C:\Python27\;C:\Python27\Scripts;C:\Program Files\AdoptOpenJDK\jdk-11.0.5.10-hotspot\bin;C:\ProgramData\Oracle\Java\javapath;C:\Program Files\Python37\;C:\Program Files (x86)\Common Files\Oracle\Java\javapath;C:\Program Files (x86)\Intel\Intel(R) Management Engine Components\iCLS\;C:\Program Files\Intel\Intel(R) Management Engine Components\iCLS\;C:\Windows\system32;C:\Windows;C:\Windows\System32\Wbem;C:\Windows\System32\WindowsPowerShell\v1.0\;C:\Windows\System32\OpenSSH\;C:\Program Files (x86)\Intel\Intel(R) Management Engine Components\DAL;C:\Program Files\Intel\Intel(R) Management Engine Components\DAL;C:\Program Files (x86)\Intel\Intel(R) Management Engine Components\IPT;C:\Program Files\Intel\Intel(R) Management Engine Components\IPT;C:\Program Files\Git\cmd;C:\Program Files\Android\Android Studio\gradle\gradle-5.6.2\bin;C:\Users\Raquel\pip\pip.conf;D:\TRABAJO\MAVEN\apache-maven-3.6.3\bin;C:\Program Files\AdoptOpenJDK\jdk-12.0.2.10-hotspot\\bin;C:\Spark\spark-2.3.2-bin-hadoop2.7\bin;C:\ProgramData\chocolatey\bin;C:\Program Files\nodejs\;%_JAVA_OPTIONS%;C:\PostgreSQL\pg96\bin;C:\Program Files\Python37\Scripts\;C:\Program Files\Python37\;C:\Users\Raquel\AppData\Local\Microsoft\WindowsApps;;C:\Program Files\JetBrains\IntelliJ IDEA 2019.3.2\bin;;C:\Program Files\JetBrains\PyCharm 2019.3.2\bin;;C:\Users\Raquel\AppData\Roaming\npm;."/>
    <property name="idea.version2019.3.2" value="true"/>
    <property name="java.vm.info" value="mixed mode, sharing"/>
    <property name="java.vendor" value="AdoptOpenJDK"/>
    <property name="java.vm.version" value="12.0.2+10"/>
    <property name="sun.io.unicode.encoding" value="UnicodeLittle"/>
    <property name="maven.repo.local" value="D:\TRABAJO\MAVEN\repository"/>
    <property name="java.class.version" value="56.0"/>
  </properties>
  <testcase name="contextLoads" classname="cu.example.SicomApplicationTests" time="0.003"/>
</testsuite>